\BOOKMARK [0][-]{chapter.1}{\376\377\0001\000\040\000p\000r\000g\0000\0000\0008\0001\0009}{}% 1
\BOOKMARK [0][-]{chapter.2}{\376\377\0002\000\040\000I\000n\000d\000i\000c\000e\000\040\000d\000e\000l\000l\000a\000\040\000g\000e\000r\000a\000r\000c\000h\000i\000a}{}% 2
\BOOKMARK [1][-]{section.2.1}{\376\377\0002\000.\0001\000\040\000G\000e\000r\000a\000r\000c\000h\000i\000a\000\040\000d\000e\000l\000l\000e\000\040\000c\000l\000a\000s\000s\000i}{chapter.2}% 3
\BOOKMARK [0][-]{chapter.3}{\376\377\0003\000\040\000I\000n\000d\000i\000c\000e\000\040\000d\000e\000i\000\040\000t\000i\000p\000i\000\040\000c\000o\000m\000p\000o\000s\000t\000i}{}% 4
\BOOKMARK [1][-]{section.3.1}{\376\377\0003\000.\0001\000\040\000E\000l\000e\000n\000c\000o\000\040\000d\000e\000i\000\040\000t\000i\000p\000i\000\040\000c\000o\000m\000p\000o\000s\000t\000i}{chapter.3}% 5
\BOOKMARK [0][-]{chapter.4}{\376\377\0004\000\040\000I\000n\000d\000i\000c\000e\000\040\000d\000e\000i\000\040\000f\000i\000l\000e}{}% 6
\BOOKMARK [1][-]{section.4.1}{\376\377\0004\000.\0001\000\040\000E\000l\000e\000n\000c\000o\000\040\000d\000e\000i\000\040\000f\000i\000l\000e}{chapter.4}% 7
\BOOKMARK [0][-]{chapter.5}{\376\377\0005\000\040\000D\000o\000c\000u\000m\000e\000n\000t\000a\000z\000i\000o\000n\000e\000\040\000d\000e\000l\000l\000e\000\040\000c\000l\000a\000s\000s\000i}{}% 8
\BOOKMARK [1][-]{section.5.1}{\376\377\0005\000.\0001\000\040\000R\000i\000f\000e\000r\000i\000m\000e\000n\000t\000i\000\040\000p\000e\000r\000\040\000l\000a\000\040\000c\000l\000a\000s\000s\000e\000\040\000C\000l\000a\000s\000s\000i\000f\000i\000c\000a}{chapter.5}% 9
\BOOKMARK [2][-]{subsection.5.1.1}{\376\377\0005\000.\0001\000.\0001\000\040\000D\000e\000s\000c\000r\000i\000z\000i\000o\000n\000e\000\040\000d\000e\000t\000t\000a\000g\000l\000i\000a\000t\000a}{section.5.1}% 10
\BOOKMARK [2][-]{subsection.5.1.2}{\376\377\0005\000.\0001\000.\0002\000\040\000D\000o\000c\000u\000m\000e\000n\000t\000a\000z\000i\000o\000n\000e\000\040\000d\000e\000i\000\040\000c\000o\000s\000t\000r\000u\000t\000t\000o\000r\000i\000\040\000e\000\040\000d\000e\000i\000\040\000d\000i\000s\000t\000r\000u\000t\000t\000o\000r\000i}{section.5.1}% 11
\BOOKMARK [3][-]{subsubsection.5.1.2.1}{\376\377\0005\000.\0001\000.\0002\000.\0001\000\040\000C\000l\000a\000s\000s\000i\000f\000i\000c\000a\000\050\000\051}{subsection.5.1.2}% 12
\BOOKMARK [2][-]{subsection.5.1.3}{\376\377\0005\000.\0001\000.\0003\000\040\000D\000o\000c\000u\000m\000e\000n\000t\000a\000z\000i\000o\000n\000e\000\040\000d\000e\000l\000l\000e\000\040\000f\000u\000n\000z\000i\000o\000n\000i\000\040\000m\000e\000m\000b\000r\000o}{section.5.1}% 13
\BOOKMARK [3][-]{subsubsection.5.1.3.1}{\376\377\0005\000.\0001\000.\0003\000.\0001\000\040\000a\000d\000d\000P\000l\000a\000y\000e\000r\000\050\000\051}{subsection.5.1.3}% 14
\BOOKMARK [3][-]{subsubsection.5.1.3.2}{\376\377\0005\000.\0001\000.\0003\000.\0002\000\040\000d\000i\000s\000p\000l\000a\000y\000\050\000\051}{subsection.5.1.3}% 15
\BOOKMARK [3][-]{subsubsection.5.1.3.3}{\376\377\0005\000.\0001\000.\0003\000.\0003\000\040\000g\000e\000t\000\137\000n\000e\000w\000\137\000n\000a\000m\000e\000\050\000\051}{subsection.5.1.3}% 16
\BOOKMARK [3][-]{subsubsection.5.1.3.4}{\376\377\0005\000.\0001\000.\0003\000.\0004\000\040\000i\000n\000s\000e\000r\000t\000P\000l\000a\000y\000e\000r\000\050\000\051}{subsection.5.1.3}% 17
\BOOKMARK [3][-]{subsubsection.5.1.3.5}{\376\377\0005\000.\0001\000.\0003\000.\0005\000\040\000u\000p\000d\000a\000t\000e\000\050\000\051}{subsection.5.1.3}% 18
\BOOKMARK [1][-]{section.5.2}{\376\377\0005\000.\0002\000\040\000R\000i\000f\000e\000r\000i\000m\000e\000n\000t\000i\000\040\000p\000e\000r\000\040\000l\000a\000\040\000s\000t\000r\000u\000c\000t\000\040\000f}{chapter.5}% 19
\BOOKMARK [2][-]{subsection.5.2.1}{\376\377\0005\000.\0002\000.\0001\000\040\000D\000e\000s\000c\000r\000i\000z\000i\000o\000n\000e\000\040\000d\000e\000t\000t\000a\000g\000l\000i\000a\000t\000a}{section.5.2}% 20
\BOOKMARK [1][-]{section.5.3}{\376\377\0005\000.\0003\000\040\000R\000i\000f\000e\000r\000i\000m\000e\000n\000t\000i\000\040\000p\000e\000r\000\040\000l\000a\000\040\000c\000l\000a\000s\000s\000e\000\040\000H\000e\000r\000o}{chapter.5}% 21
\BOOKMARK [2][-]{subsection.5.3.1}{\376\377\0005\000.\0003\000.\0001\000\040\000D\000e\000s\000c\000r\000i\000z\000i\000o\000n\000e\000\040\000d\000e\000t\000t\000a\000g\000l\000i\000a\000t\000a}{section.5.3}% 22
\BOOKMARK [2][-]{subsection.5.3.2}{\376\377\0005\000.\0003\000.\0002\000\040\000D\000o\000c\000u\000m\000e\000n\000t\000a\000z\000i\000o\000n\000e\000\040\000d\000e\000i\000\040\000c\000o\000s\000t\000r\000u\000t\000t\000o\000r\000i\000\040\000e\000\040\000d\000e\000i\000\040\000d\000i\000s\000t\000r\000u\000t\000t\000o\000r\000i}{section.5.3}% 23
\BOOKMARK [3][-]{subsubsection.5.3.2.1}{\376\377\0005\000.\0003\000.\0002\000.\0001\000\040\000H\000e\000r\000o\000\050\000\051}{subsection.5.3.2}% 24
\BOOKMARK [2][-]{subsection.5.3.3}{\376\377\0005\000.\0003\000.\0003\000\040\000D\000o\000c\000u\000m\000e\000n\000t\000a\000z\000i\000o\000n\000e\000\040\000d\000e\000l\000l\000e\000\040\000f\000u\000n\000z\000i\000o\000n\000i\000\040\000m\000e\000m\000b\000r\000o}{section.5.3}% 25
\BOOKMARK [3][-]{subsubsection.5.3.3.1}{\376\377\0005\000.\0003\000.\0003\000.\0001\000\040\000p\000r\000i\000n\000t\000\137\000f\000r\000a\000m\000e\000\050\000\051}{subsection.5.3.3}% 26
\BOOKMARK [3][-]{subsubsection.5.3.3.2}{\376\377\0005\000.\0003\000.\0003\000.\0002\000\040\000r\000o\000t\000a\000t\000e\000\050\000\051}{subsection.5.3.3}% 27
\BOOKMARK [3][-]{subsubsection.5.3.3.3}{\376\377\0005\000.\0003\000.\0003\000.\0003\000\040\000s\000a\000f\000e\000\137\000m\000o\000v\000e\000\050\000\051}{subsection.5.3.3}% 28
\BOOKMARK [3][-]{subsubsection.5.3.3.4}{\376\377\0005\000.\0003\000.\0003\000.\0004\000\040\000s\000i\000d\000e\000\137\000c\000o\000l\000l\000i\000s\000i\000o\000n\000s\000\050\000\051}{subsection.5.3.3}% 29
\BOOKMARK [2][-]{subsection.5.3.4}{\376\377\0005\000.\0003\000.\0004\000\040\000D\000o\000c\000u\000m\000e\000n\000t\000a\000z\000i\000o\000n\000e\000\040\000d\000e\000i\000\040\000m\000e\000m\000b\000r\000i\000\040\000d\000a\000t\000o}{section.5.3}% 30
\BOOKMARK [3][-]{subsubsection.5.3.4.1}{\376\377\0005\000.\0003\000.\0004\000.\0001\000\040\000f\000r\000a\000m\000e\000s}{subsection.5.3.4}% 31
\BOOKMARK [1][-]{section.5.4}{\376\377\0005\000.\0004\000\040\000R\000i\000f\000e\000r\000i\000m\000e\000n\000t\000i\000\040\000p\000e\000r\000\040\000l\000a\000\040\000c\000l\000a\000s\000s\000e\000\040\000L\000i\000s\000t}{chapter.5}% 32
\BOOKMARK [2][-]{subsection.5.4.1}{\376\377\0005\000.\0004\000.\0001\000\040\000D\000e\000s\000c\000r\000i\000z\000i\000o\000n\000e\000\040\000d\000e\000t\000t\000a\000g\000l\000i\000a\000t\000a}{section.5.4}% 33
\BOOKMARK [2][-]{subsection.5.4.2}{\376\377\0005\000.\0004\000.\0002\000\040\000D\000o\000c\000u\000m\000e\000n\000t\000a\000z\000i\000o\000n\000e\000\040\000d\000e\000l\000l\000e\000\040\000f\000u\000n\000z\000i\000o\000n\000i\000\040\000m\000e\000m\000b\000r\000o}{section.5.4}% 34
\BOOKMARK [3][-]{subsubsection.5.4.2.1}{\376\377\0005\000.\0004\000.\0002\000.\0001\000\040\000c\000o\000m\000p\000u\000t\000e\000\137\000s\000i\000z\000e\000s\000\050\000\051}{subsection.5.4.2}% 35
\BOOKMARK [3][-]{subsubsection.5.4.2.2}{\376\377\0005\000.\0004\000.\0002\000.\0002\000\040\000g\000e\000t\000\137\000l\000e\000n\000\050\000\051}{subsection.5.4.2}% 36
\BOOKMARK [3][-]{subsubsection.5.4.2.3}{\376\377\0005\000.\0004\000.\0002\000.\0003\000\040\000i\000n\000i\000t\000\050\000\051}{subsection.5.4.2}% 37
\BOOKMARK [3][-]{subsubsection.5.4.2.4}{\376\377\0005\000.\0004\000.\0002\000.\0004\000\040\000s\000h\000o\000w\000\137\000l\000i\000s\000t\000\050\000\051}{subsection.5.4.2}% 38
\BOOKMARK [3][-]{subsubsection.5.4.2.5}{\376\377\0005\000.\0004\000.\0002\000.\0005\000\040\000u\000p\000d\000a\000t\000e\000\137\000l\000i\000s\000t\000\050\000\051}{subsection.5.4.2}% 39
\BOOKMARK [1][-]{section.5.5}{\376\377\0005\000.\0005\000\040\000R\000i\000f\000e\000r\000i\000m\000e\000n\000t\000i\000\040\000p\000e\000r\000\040\000l\000a\000\040\000c\000l\000a\000s\000s\000e\000\040\000M\000e\000n\000u}{chapter.5}% 40
\BOOKMARK [2][-]{subsection.5.5.1}{\376\377\0005\000.\0005\000.\0001\000\040\000D\000e\000s\000c\000r\000i\000z\000i\000o\000n\000e\000\040\000d\000e\000t\000t\000a\000g\000l\000i\000a\000t\000a}{section.5.5}% 41
\BOOKMARK [2][-]{subsection.5.5.2}{\376\377\0005\000.\0005\000.\0002\000\040\000D\000o\000c\000u\000m\000e\000n\000t\000a\000z\000i\000o\000n\000e\000\040\000d\000e\000i\000\040\000c\000o\000s\000t\000r\000u\000t\000t\000o\000r\000i\000\040\000e\000\040\000d\000e\000i\000\040\000d\000i\000s\000t\000r\000u\000t\000t\000o\000r\000i}{section.5.5}% 42
\BOOKMARK [3][-]{subsubsection.5.5.2.1}{\376\377\0005\000.\0005\000.\0002\000.\0001\000\040\000M\000e\000n\000u\000\050\000\051}{subsection.5.5.2}% 43
\BOOKMARK [2][-]{subsection.5.5.3}{\376\377\0005\000.\0005\000.\0003\000\040\000D\000o\000c\000u\000m\000e\000n\000t\000a\000z\000i\000o\000n\000e\000\040\000d\000e\000l\000l\000e\000\040\000f\000u\000n\000z\000i\000o\000n\000i\000\040\000m\000e\000m\000b\000r\000o}{section.5.5}% 44
\BOOKMARK [3][-]{subsubsection.5.5.3.1}{\376\377\0005\000.\0005\000.\0003\000.\0001\000\040\000d\000r\000a\000w\000\050\000\051}{subsection.5.5.3}% 45
\BOOKMARK [3][-]{subsubsection.5.5.3.2}{\376\377\0005\000.\0005\000.\0003\000.\0002\000\040\000u\000p\000d\000a\000t\000e\000\050\000\051}{subsection.5.5.3}% 46
\BOOKMARK [1][-]{section.5.6}{\376\377\0005\000.\0006\000\040\000R\000i\000f\000e\000r\000i\000m\000e\000n\000t\000i\000\040\000p\000e\000r\000\040\000l\000a\000\040\000s\000t\000r\000u\000c\000t\000\040\000n\000o\000d\000e}{chapter.5}% 47
\BOOKMARK [2][-]{subsection.5.6.1}{\376\377\0005\000.\0006\000.\0001\000\040\000D\000e\000s\000c\000r\000i\000z\000i\000o\000n\000e\000\040\000d\000e\000t\000t\000a\000g\000l\000i\000a\000t\000a}{section.5.6}% 48
\BOOKMARK [1][-]{section.5.7}{\376\377\0005\000.\0007\000\040\000R\000i\000f\000e\000r\000i\000m\000e\000n\000t\000i\000\040\000p\000e\000r\000\040\000l\000a\000\040\000c\000l\000a\000s\000s\000e\000\040\000P\000a\000r\000t\000i\000t\000a}{chapter.5}% 49
\BOOKMARK [2][-]{subsection.5.7.1}{\376\377\0005\000.\0007\000.\0001\000\040\000D\000e\000s\000c\000r\000i\000z\000i\000o\000n\000e\000\040\000d\000e\000t\000t\000a\000g\000l\000i\000a\000t\000a}{section.5.7}% 50
\BOOKMARK [2][-]{subsection.5.7.2}{\376\377\0005\000.\0007\000.\0002\000\040\000D\000o\000c\000u\000m\000e\000n\000t\000a\000z\000i\000o\000n\000e\000\040\000d\000e\000i\000\040\000c\000o\000s\000t\000r\000u\000t\000t\000o\000r\000i\000\040\000e\000\040\000d\000e\000i\000\040\000d\000i\000s\000t\000r\000u\000t\000t\000o\000r\000i}{section.5.7}% 51
\BOOKMARK [3][-]{subsubsection.5.7.2.1}{\376\377\0005\000.\0007\000.\0002\000.\0001\000\040\000P\000a\000r\000t\000i\000t\000a\000\050\000\051}{subsection.5.7.2}% 52
\BOOKMARK [2][-]{subsection.5.7.3}{\376\377\0005\000.\0007\000.\0003\000\040\000D\000o\000c\000u\000m\000e\000n\000t\000a\000z\000i\000o\000n\000e\000\040\000d\000e\000l\000l\000e\000\040\000f\000u\000n\000z\000i\000o\000n\000i\000\040\000m\000e\000m\000b\000r\000o}{section.5.7}% 53
\BOOKMARK [3][-]{subsubsection.5.7.3.1}{\376\377\0005\000.\0007\000.\0003\000.\0001\000\040\000g\000a\000m\000e\000O\000v\000e\000r\000\050\000\051}{subsection.5.7.3}% 54
\BOOKMARK [3][-]{subsubsection.5.7.3.2}{\376\377\0005\000.\0007\000.\0003\000.\0002\000\040\000g\000a\000m\000e\000p\000l\000a\000y\000\050\000\051}{subsection.5.7.3}% 55
\BOOKMARK [3][-]{subsubsection.5.7.3.3}{\376\377\0005\000.\0007\000.\0003\000.\0003\000\040\000u\000p\000d\000a\000t\000e\000\050\000\051}{subsection.5.7.3}% 56
\BOOKMARK [1][-]{section.5.8}{\376\377\0005\000.\0008\000\040\000R\000i\000f\000e\000r\000i\000m\000e\000n\000t\000i\000\040\000p\000e\000r\000\040\000l\000a\000\040\000s\000t\000r\000u\000c\000t\000\040\000p\000n\000o\000d\000e}{chapter.5}% 57
\BOOKMARK [1][-]{section.5.9}{\376\377\0005\000.\0009\000\040\000R\000i\000f\000e\000r\000i\000m\000e\000n\000t\000i\000\040\000p\000e\000r\000\040\000l\000a\000\040\000c\000l\000a\000s\000s\000e\000\040\000S\000c\000r\000e\000e\000n}{chapter.5}% 58
\BOOKMARK [2][-]{subsection.5.9.1}{\376\377\0005\000.\0009\000.\0001\000\040\000D\000e\000s\000c\000r\000i\000z\000i\000o\000n\000e\000\040\000d\000e\000t\000t\000a\000g\000l\000i\000a\000t\000a}{section.5.9}% 59
\BOOKMARK [2][-]{subsection.5.9.2}{\376\377\0005\000.\0009\000.\0002\000\040\000D\000o\000c\000u\000m\000e\000n\000t\000a\000z\000i\000o\000n\000e\000\040\000d\000e\000l\000l\000e\000\040\000f\000u\000n\000z\000i\000o\000n\000i\000\040\000m\000e\000m\000b\000r\000o}{section.5.9}% 60
\BOOKMARK [3][-]{subsubsection.5.9.2.1}{\376\377\0005\000.\0009\000.\0002\000.\0001\000\040\000d\000e\000s\000t\000r\000o\000y\000\050\000\051}{subsection.5.9.2}% 61
\BOOKMARK [3][-]{subsubsection.5.9.2.2}{\376\377\0005\000.\0009\000.\0002\000.\0002\000\040\000i\000n\000i\000t\000\050\000\051}{subsection.5.9.2}% 62
\BOOKMARK [3][-]{subsubsection.5.9.2.3}{\376\377\0005\000.\0009\000.\0002\000.\0003\000\040\000s\000e\000t\000I\000n\000C\000e\000n\000t\000e\000r\000\050\000\051}{subsection.5.9.2}% 63
\BOOKMARK [3][-]{subsubsection.5.9.2.4}{\376\377\0005\000.\0009\000.\0002\000.\0004\000\040\000s\000h\000o\000w\000\050\000\051}{subsection.5.9.2}% 64
\BOOKMARK [1][-]{section.5.10}{\376\377\0005\000.\0001\0000\000\040\000R\000i\000f\000e\000r\000i\000m\000e\000n\000t\000i\000\040\000p\000e\000r\000\040\000l\000a\000\040\000c\000l\000a\000s\000s\000e\000\040\000S\000m\000a\000s\000h\000b\000o\000y}{chapter.5}% 65
\BOOKMARK [2][-]{subsection.5.10.1}{\376\377\0005\000.\0001\0000\000.\0001\000\040\000D\000e\000s\000c\000r\000i\000z\000i\000o\000n\000e\000\040\000d\000e\000t\000t\000a\000g\000l\000i\000a\000t\000a}{section.5.10}% 66
\BOOKMARK [2][-]{subsection.5.10.2}{\376\377\0005\000.\0001\0000\000.\0002\000\040\000D\000o\000c\000u\000m\000e\000n\000t\000a\000z\000i\000o\000n\000e\000\040\000d\000e\000i\000\040\000c\000o\000s\000t\000r\000u\000t\000t\000o\000r\000i\000\040\000e\000\040\000d\000e\000i\000\040\000d\000i\000s\000t\000r\000u\000t\000t\000o\000r\000i}{section.5.10}% 67
\BOOKMARK [3][-]{subsubsection.5.10.2.1}{\376\377\0005\000.\0001\0000\000.\0002\000.\0001\000\040\000S\000m\000a\000s\000h\000b\000o\000y\000\050\000\051}{subsection.5.10.2}% 68
\BOOKMARK [2][-]{subsection.5.10.3}{\376\377\0005\000.\0001\0000\000.\0003\000\040\000D\000o\000c\000u\000m\000e\000n\000t\000a\000z\000i\000o\000n\000e\000\040\000d\000e\000l\000l\000e\000\040\000f\000u\000n\000z\000i\000o\000n\000i\000\040\000m\000e\000m\000b\000r\000o}{section.5.10}% 69
\BOOKMARK [3][-]{subsubsection.5.10.3.1}{\376\377\0005\000.\0001\0000\000.\0003\000.\0001\000\040\000p\000r\000i\000n\000t\000\137\000f\000r\000a\000m\000e\000\050\000\051}{subsection.5.10.3}% 70
\BOOKMARK [3][-]{subsubsection.5.10.3.2}{\376\377\0005\000.\0001\0000\000.\0003\000.\0002\000\040\000r\000o\000t\000a\000t\000e\000\050\000\051}{subsection.5.10.3}% 71
\BOOKMARK [3][-]{subsubsection.5.10.3.3}{\376\377\0005\000.\0001\0000\000.\0003\000.\0003\000\040\000s\000a\000f\000e\000\137\000m\000o\000v\000e\000\050\000\051}{subsection.5.10.3}% 72
\BOOKMARK [1][-]{section.5.11}{\376\377\0005\000.\0001\0001\000\040\000R\000i\000f\000e\000r\000i\000m\000e\000n\000t\000i\000\040\000p\000e\000r\000\040\000l\000a\000\040\000c\000l\000a\000s\000s\000e\000\040\000S\000t\000a\000t\000e}{chapter.5}% 73
\BOOKMARK [2][-]{subsection.5.11.1}{\376\377\0005\000.\0001\0001\000.\0001\000\040\000D\000e\000s\000c\000r\000i\000z\000i\000o\000n\000e\000\040\000d\000e\000t\000t\000a\000g\000l\000i\000a\000t\000a}{section.5.11}% 74
\BOOKMARK [2][-]{subsection.5.11.2}{\376\377\0005\000.\0001\0001\000.\0002\000\040\000D\000o\000c\000u\000m\000e\000n\000t\000a\000z\000i\000o\000n\000e\000\040\000d\000e\000l\000l\000e\000\040\000f\000u\000n\000z\000i\000o\000n\000i\000\040\000m\000e\000m\000b\000r\000o}{section.5.11}% 75
\BOOKMARK [3][-]{subsubsection.5.11.2.1}{\376\377\0005\000.\0001\0001\000.\0002\000.\0001\000\040\000g\000e\000t\000N\000e\000x\000t\000\050\000\051}{subsection.5.11.2}% 76
\BOOKMARK [3][-]{subsubsection.5.11.2.2}{\376\377\0005\000.\0001\0001\000.\0002\000.\0002\000\040\000g\000e\000t\000Q\000u\000i\000t\000\050\000\051}{subsection.5.11.2}% 77
\BOOKMARK [3][-]{subsubsection.5.11.2.3}{\376\377\0005\000.\0001\0001\000.\0002\000.\0003\000\040\000i\000s\000D\000o\000n\000e\000\050\000\051}{subsection.5.11.2}% 78
\BOOKMARK [3][-]{subsubsection.5.11.2.4}{\376\377\0005\000.\0001\0001\000.\0002\000.\0004\000\040\000Q\000u\000i\000t\000\050\000\051}{subsection.5.11.2}% 79
\BOOKMARK [3][-]{subsubsection.5.11.2.5}{\376\377\0005\000.\0001\0001\000.\0002\000.\0005\000\040\000s\000e\000t\000D\000o\000n\000e\000\050\000\051}{subsection.5.11.2}% 80
\BOOKMARK [3][-]{subsubsection.5.11.2.6}{\376\377\0005\000.\0001\0001\000.\0002\000.\0006\000\040\000s\000e\000t\000N\000e\000x\000t\000\050\000\051}{subsection.5.11.2}% 81
\BOOKMARK [3][-]{subsubsection.5.11.2.7}{\376\377\0005\000.\0001\0001\000.\0002\000.\0007\000\040\000s\000e\000t\000P\000r\000e\000v\000\050\000\051}{subsection.5.11.2}% 82
\BOOKMARK [3][-]{subsubsection.5.11.2.8}{\376\377\0005\000.\0001\0001\000.\0002\000.\0008\000\040\000u\000p\000d\000a\000t\000e\000\050\000\051}{subsection.5.11.2}% 83
\BOOKMARK [1][-]{section.5.12}{\376\377\0005\000.\0001\0002\000\040\000R\000i\000f\000e\000r\000i\000m\000e\000n\000t\000i\000\040\000p\000e\000r\000\040\000l\000a\000\040\000c\000l\000a\000s\000s\000e\000\040\000S\000t\000a\000t\000e\000M\000a\000c\000h\000i\000n\000e}{chapter.5}% 84
\BOOKMARK [2][-]{subsection.5.12.1}{\376\377\0005\000.\0001\0002\000.\0001\000\040\000D\000e\000s\000c\000r\000i\000z\000i\000o\000n\000e\000\040\000d\000e\000t\000t\000a\000g\000l\000i\000a\000t\000a}{section.5.12}% 85
\BOOKMARK [2][-]{subsection.5.12.2}{\376\377\0005\000.\0001\0002\000.\0002\000\040\000D\000o\000c\000u\000m\000e\000n\000t\000a\000z\000i\000o\000n\000e\000\040\000d\000e\000i\000\040\000c\000o\000s\000t\000r\000u\000t\000t\000o\000r\000i\000\040\000e\000\040\000d\000e\000i\000\040\000d\000i\000s\000t\000r\000u\000t\000t\000o\000r\000i}{section.5.12}% 86
\BOOKMARK [3][-]{subsubsection.5.12.2.1}{\376\377\0005\000.\0001\0002\000.\0002\000.\0001\000\040\000S\000t\000a\000t\000e\000M\000a\000c\000h\000i\000n\000e\000\050\000\051}{subsection.5.12.2}% 87
\BOOKMARK [2][-]{subsection.5.12.3}{\376\377\0005\000.\0001\0002\000.\0003\000\040\000D\000o\000c\000u\000m\000e\000n\000t\000a\000z\000i\000o\000n\000e\000\040\000d\000e\000l\000l\000e\000\040\000f\000u\000n\000z\000i\000o\000n\000i\000\040\000m\000e\000m\000b\000r\000o}{section.5.12}% 88
\BOOKMARK [3][-]{subsubsection.5.12.3.1}{\376\377\0005\000.\0001\0002\000.\0003\000.\0001\000\040\000f\000l\000i\000p\000\050\000\051}{subsection.5.12.3}% 89
\BOOKMARK [3][-]{subsubsection.5.12.3.2}{\376\377\0005\000.\0001\0002\000.\0003\000.\0002\000\040\000g\000a\000m\000e\000\137\000l\000o\000o\000p\000\050\000\051}{subsection.5.12.3}% 90
\BOOKMARK [3][-]{subsubsection.5.12.3.3}{\376\377\0005\000.\0001\0002\000.\0003\000.\0003\000\040\000i\000n\000i\000t\000\137\000n\000c\000u\000r\000s\000e\000s\000\050\000\051}{subsection.5.12.3}% 91
\BOOKMARK [3][-]{subsubsection.5.12.3.4}{\376\377\0005\000.\0001\0002\000.\0003\000.\0004\000\040\000u\000p\000d\000a\000t\000e\000\050\000\051}{subsection.5.12.3}% 92
\BOOKMARK [1][-]{section.5.13}{\376\377\0005\000.\0001\0003\000\040\000R\000i\000f\000e\000r\000i\000m\000e\000n\000t\000i\000\040\000p\000e\000r\000\040\000l\000a\000\040\000c\000l\000a\000s\000s\000e\000\040\000T\000e\000t\000r\000a\000m\000i\000n\000o}{chapter.5}% 93
\BOOKMARK [2][-]{subsection.5.13.1}{\376\377\0005\000.\0001\0003\000.\0001\000\040\000D\000e\000s\000c\000r\000i\000z\000i\000o\000n\000e\000\040\000d\000e\000t\000t\000a\000g\000l\000i\000a\000t\000a}{section.5.13}% 94
\BOOKMARK [2][-]{subsection.5.13.2}{\376\377\0005\000.\0001\0003\000.\0002\000\040\000D\000o\000c\000u\000m\000e\000n\000t\000a\000z\000i\000o\000n\000e\000\040\000d\000e\000i\000\040\000c\000o\000s\000t\000r\000u\000t\000t\000o\000r\000i\000\040\000e\000\040\000d\000e\000i\000\040\000d\000i\000s\000t\000r\000u\000t\000t\000o\000r\000i}{section.5.13}% 95
\BOOKMARK [3][-]{subsubsection.5.13.2.1}{\376\377\0005\000.\0001\0003\000.\0002\000.\0001\000\040\000T\000e\000t\000r\000a\000m\000i\000n\000o\000\050\000\051}{subsection.5.13.2}% 96
\BOOKMARK [2][-]{subsection.5.13.3}{\376\377\0005\000.\0001\0003\000.\0003\000\040\000D\000o\000c\000u\000m\000e\000n\000t\000a\000z\000i\000o\000n\000e\000\040\000d\000e\000l\000l\000e\000\040\000f\000u\000n\000z\000i\000o\000n\000i\000\040\000m\000e\000m\000b\000r\000o}{section.5.13}% 97
\BOOKMARK [3][-]{subsubsection.5.13.3.1}{\376\377\0005\000.\0001\0003\000.\0003\000.\0001\000\040\000c\000h\000e\000c\000k\000\137\000c\000o\000l\000l\000i\000s\000i\000o\000n\000\050\000\051}{subsection.5.13.3}% 98
\BOOKMARK [3][-]{subsubsection.5.13.3.2}{\376\377\0005\000.\0001\0003\000.\0003\000.\0002\000\040\000d\000i\000e\000s\000\050\000\051}{subsection.5.13.3}% 99
\BOOKMARK [3][-]{subsubsection.5.13.3.3}{\376\377\0005\000.\0001\0003\000.\0003\000.\0003\000\040\000f\000a\000l\000l\000i\000n\000g\000\050\000\051}{subsection.5.13.3}% 100
\BOOKMARK [3][-]{subsubsection.5.13.3.4}{\376\377\0005\000.\0001\0003\000.\0003\000.\0004\000\040\000g\000e\000t\000c\000l\000o\000u\000t\000\050\000\051}{subsection.5.13.3}% 101
\BOOKMARK [3][-]{subsubsection.5.13.3.5}{\376\377\0005\000.\0001\0003\000.\0003\000.\0005\000\040\000m\000o\000v\000e\000\050\000\051}{subsection.5.13.3}% 102
\BOOKMARK [3][-]{subsubsection.5.13.3.6}{\376\377\0005\000.\0001\0003\000.\0003\000.\0006\000\040\000p\000r\000i\000n\000t\000\050\000\051}{subsection.5.13.3}% 103
\BOOKMARK [3][-]{subsubsection.5.13.3.7}{\376\377\0005\000.\0001\0003\000.\0003\000.\0007\000\040\000p\000r\000i\000n\000t\000\137\000f\000r\000a\000m\000e\000\050\000\051}{subsection.5.13.3}% 104
\BOOKMARK [3][-]{subsubsection.5.13.3.8}{\376\377\0005\000.\0001\0003\000.\0003\000.\0008\000\040\000r\000o\000t\000a\000t\000e\000\050\000\051}{subsection.5.13.3}% 105
\BOOKMARK [3][-]{subsubsection.5.13.3.9}{\376\377\0005\000.\0001\0003\000.\0003\000.\0009\000\040\000s\000a\000f\000e\000\137\000m\000o\000v\000e\000\050\000\051}{subsection.5.13.3}% 106
\BOOKMARK [1][-]{section.5.14}{\376\377\0005\000.\0001\0004\000\040\000R\000i\000f\000e\000r\000i\000m\000e\000n\000t\000i\000\040\000p\000e\000r\000\040\000l\000a\000\040\000c\000l\000a\000s\000s\000e\000\040\000W\000o\000r\000l\000d}{chapter.5}% 107
\BOOKMARK [2][-]{subsection.5.14.1}{\376\377\0005\000.\0001\0004\000.\0001\000\040\000D\000e\000s\000c\000r\000i\000z\000i\000o\000n\000e\000\040\000d\000e\000t\000t\000a\000g\000l\000i\000a\000t\000a}{section.5.14}% 108
\BOOKMARK [2][-]{subsection.5.14.2}{\376\377\0005\000.\0001\0004\000.\0002\000\040\000D\000o\000c\000u\000m\000e\000n\000t\000a\000z\000i\000o\000n\000e\000\040\000d\000e\000i\000\040\000c\000o\000s\000t\000r\000u\000t\000t\000o\000r\000i\000\040\000e\000\040\000d\000e\000i\000\040\000d\000i\000s\000t\000r\000u\000t\000t\000o\000r\000i}{section.5.14}% 109
\BOOKMARK [3][-]{subsubsection.5.14.2.1}{\376\377\0005\000.\0001\0004\000.\0002\000.\0001\000\040\000W\000o\000r\000l\000d\000\050\000\051}{subsection.5.14.2}% 110
\BOOKMARK [2][-]{subsection.5.14.3}{\376\377\0005\000.\0001\0004\000.\0003\000\040\000D\000o\000c\000u\000m\000e\000n\000t\000a\000z\000i\000o\000n\000e\000\040\000d\000e\000l\000l\000e\000\040\000f\000u\000n\000z\000i\000o\000n\000i\000\040\000m\000e\000m\000b\000r\000o}{section.5.14}% 111
\BOOKMARK [3][-]{subsubsection.5.14.3.1}{\376\377\0005\000.\0001\0004\000.\0003\000.\0001\000\040\000c\000h\000e\000c\000k\000f\000u\000l\000l\000r\000o\000w\000\050\000\051}{subsection.5.14.3}% 112
\BOOKMARK [3][-]{subsubsection.5.14.3.2}{\376\377\0005\000.\0001\0004\000.\0003\000.\0002\000\040\000d\000r\000a\000w\000\050\000\051}{subsection.5.14.3}% 113
\BOOKMARK [3][-]{subsubsection.5.14.3.3}{\376\377\0005\000.\0001\0004\000.\0003\000.\0003\000\040\000g\000e\000t\000s\000p\000e\000c\000s\000\050\000\051}{subsection.5.14.3}% 114
\BOOKMARK [3][-]{subsubsection.5.14.3.4}{\376\377\0005\000.\0001\0004\000.\0003\000.\0004\000\040\000p\000o\000s\000\137\000t\000o\000\137\000c\000o\000o\000r\000d\000s\000\050\000\051}{subsection.5.14.3}% 115
\BOOKMARK [3][-]{subsubsection.5.14.3.5}{\376\377\0005\000.\0001\0004\000.\0003\000.\0005\000\040\000s\000c\000a\000n\000\050\000\051}{subsection.5.14.3}% 116
\BOOKMARK [3][-]{subsubsection.5.14.3.6}{\376\377\0005\000.\0001\0004\000.\0003\000.\0006\000\040\000u\000p\000d\000a\000t\000e\000\137\000p\000o\000i\000n\000t\000s\000\050\000\051}{subsection.5.14.3}% 117
\BOOKMARK [3][-]{subsubsection.5.14.3.7}{\376\377\0005\000.\0001\0004\000.\0003\000.\0007\000\040\000u\000p\000d\000a\000t\000e\000\137\000s\000c\000r\000e\000e\000n\000\050\000\051}{subsection.5.14.3}% 118
\BOOKMARK [0][-]{chapter.6}{\376\377\0006\000\040\000D\000o\000c\000u\000m\000e\000n\000t\000a\000z\000i\000o\000n\000e\000\040\000d\000e\000i\000\040\000f\000i\000l\000e}{}% 119
\BOOKMARK [1][-]{section.6.1}{\376\377\0006\000.\0001\000\040\000s\000t\000a\000t\000e\000.\000h\000p\000p}{chapter.6}% 120
\BOOKMARK [1][-]{section.6.2}{\376\377\0006\000.\0002\000\040\000s\000t\000a\000t\000e\000\137\000m\000a\000c\000h\000i\000n\000e\000.\000h\000p\000p}{chapter.6}% 121
\BOOKMARK [1][-]{section.6.3}{\376\377\0006\000.\0003\000\040\000c\000l\000a\000s\000s\000i\000f\000i\000c\000a\000.\000h\000p\000p}{chapter.6}% 122
\BOOKMARK [1][-]{section.6.4}{\376\377\0006\000.\0004\000\040\000g\000a\000m\000e\000p\000l\000a\000y\000.\000h\000p\000p}{chapter.6}% 123
\BOOKMARK [1][-]{section.6.5}{\376\377\0006\000.\0005\000\040\000m\000e\000n\000u\000.\000h\000p\000p}{chapter.6}% 124
\BOOKMARK [1][-]{section.6.6}{\376\377\0006\000.\0006\000\040\000s\000c\000r\000e\000e\000n\000.\000h\000p\000p}{chapter.6}% 125
\BOOKMARK [1][-]{section.6.7}{\376\377\0006\000.\0007\000\040\000w\000o\000r\000l\000d\000.\000h\000p\000p}{chapter.6}% 126
\BOOKMARK [1][-]{section.6.8}{\376\377\0006\000.\0008\000\040\000h\000e\000r\000o\000.\000h\000p\000p}{chapter.6}% 127
\BOOKMARK [1][-]{section.6.9}{\376\377\0006\000.\0009\000\040\000s\000m\000a\000s\000h\000b\000o\000y\000.\000h\000p\000p}{chapter.6}% 128
\BOOKMARK [1][-]{section.6.10}{\376\377\0006\000.\0001\0000\000\040\000t\000e\000t\000r\000a\000m\000i\000n\000i\000.\000h\000p\000p}{chapter.6}% 129
\BOOKMARK [0][-]{section*.48}{\376\377\000I\000n\000d\000i\000c\000e\000\040\000a\000n\000a\000l\000i\000t\000i\000c\000o}{}% 130
